<?xml version="1.0" encoding="UTF-8"?>
<!-- Generated by org.testng.reporters.JUnitReportReporter -->
<testsuite hostname="Simba" name="maudio.test.suite.MAudioSearchTest" tests="2" failures="0" timestamp="5 Dec 2014 18:05:37 GMT" time="17.035" errors="0">
  <testcase name="xTest" time="8.316" classname="maudio.test.suite.MAudioSearchTest"/>
  <testcase name="runTest" time="8.719" classname="maudio.test.suite.MAudioSearchTest"/>
</testsuite> <!-- maudio.test.suite.MAudioSearchTest -->
