<?xml version="1.0" encoding="UTF-8"?>
<!-- Generated by org.testng.reporters.JUnitReportReporter -->
<testsuite hostname="Simba" name="maudio.test.suite.tests.SearchTest" tests="1" failures="0" timestamp="7 Dec 2014 13:19:00 GMT" time="13.884" errors="0">
  <testcase name="xTest" time="13.884" classname="maudio.test.suite.tests.SearchTest"/>
</testsuite> <!-- maudio.test.suite.tests.SearchTest -->
