<?xml version="1.0" encoding="UTF-8"?>
<!-- Generated by org.testng.reporters.JUnitReportReporter -->
<testsuite hostname="Simba" name="maudio.test.suite.tests.RemoveFromCartTest" tests="1" failures="0" timestamp="7 Dec 2014 13:19:00 GMT" time="15.988" errors="0">
  <testcase name="xTest" time="15.988" classname="maudio.test.suite.tests.RemoveFromCartTest"/>
</testsuite> <!-- maudio.test.suite.tests.RemoveFromCartTest -->
