<?xml version="1.0" encoding="UTF-8"?>
<!-- Generated by org.testng.reporters.JUnitReportReporter -->
<testsuite hostname="Simba" name="maudio.test.suite.tests.SortingTest" tests="1" failures="0" timestamp="7 Dec 2014 04:15:53 GMT" time="12.738" errors="0">
  <testcase name="xTest" time="12.738" classname="maudio.test.suite.tests.SortingTest"/>
</testsuite> <!-- maudio.test.suite.tests.SortingTest -->
