<?xml version="1.0" encoding="UTF-8"?>
<!-- Generated by org.testng.reporters.JUnitReportReporter -->
<testsuite hostname="Simba" name="maudio.test.suite.SearchTest" tests="2" failures="0" timestamp="5 Dec 2014 21:07:38 GMT" time="26.681" errors="0">
  <testcase name="xTest" time="16.494" classname="maudio.test.suite.SearchTest"/>
  <testcase name="runTest" time="10.187" classname="maudio.test.suite.SearchTest"/>
</testsuite> <!-- maudio.test.suite.SearchTest -->
