<?xml version="1.0" encoding="UTF-8"?>
<!-- Generated by org.testng.reporters.JUnitReportReporter -->
<testsuite hostname="Simba" name="maudio.test.suite.tests.LogInNegativeTest" tests="1" failures="0" timestamp="7 Dec 2014 13:19:00 GMT" time="11.109" errors="0">
  <testcase name="xTest" time="11.109" classname="maudio.test.suite.tests.LogInNegativeTest"/>
</testsuite> <!-- maudio.test.suite.tests.LogInNegativeTest -->
